1676327088648 GET /
1676327089771 GET /favicon.ico
1676327090978 GET /api/books
1676327092808 GET /favicon.ico
1676327093646 GET /api/books/63e3df70f14f4433606de899
1676327093938 GET /favicon.ico
1676327097239 GET /favicon.ico
1676327098910 POST /api/books/delete/63e3df70f14f4433606de899
1676327099316 GET /favicon.ico
1676327100698 GET /api/books
1676327101045 GET /favicon.ico
1676327101485 GET /api/book/create
1676327101703 GET /favicon.ico
1676327106323 POST /api/book/create
1676327106560 GET /api/books
1676327107061 GET /favicon.ico
1676327108552 GET /api/books/63eab8c2acbc046605cb8dce
1676327108854 GET /favicon.ico
1676327233294 GET /api/books/63eab8c2acbc046605cb8dce
1676327234959 GET /favicon.ico
1676327237234 GET /favicon.ico
1676327239681 GET /api/books/update/63eab8c2acbc046605cb8dce
1676327239991 GET /favicon.ico
1676327241901 POST /api/books/update/63eab8c2acbc046605cb8dce
1676327242007 GET /api/books
1676327242230 GET /favicon.ico
1676327243593 GET /api/books/63eab8c2acbc046605cb8dce
1676327243962 GET /favicon.ico
1676327307836 GET /api/books
1676327309114 GET /favicon.ico
1676327310244 GET /api/books/63eab8c2acbc046605cb8dce
1676327310613 GET /favicon.ico
1676327348273 GET /api/books/63eab8c2acbc046605cb8dce
1676327416047 GET /api/books
1676327416834 GET /favicon.ico
1676327418423 GET /api/books/63eab8c2acbc046605cb8dce
1676327418868 GET /favicon.ico
1676327562513 GET /api/books/63eab8c2acbc046605cb8dce
1676327562930 GET /favicon.ico
1676327567812 GET /favicon.ico
1676327569544 GET /api/books/63eab8c2acbc046605cb8dce
1676327569901 GET /favicon.ico
1676327629667 GET /api/books/63eab8c2acbc046605cb8dce
1676327630314 GET /favicon.ico
1676327632996 GET /favicon.ico
1676327634417 GET /
1676327634681 GET /favicon.ico
1676327634918 GET /api/books
1676327635150 GET /favicon.ico
1676327636138 GET /api/books/63eab8c2acbc046605cb8dce
1676327636709 GET /favicon.ico
1676327689814 GET /api/books
1676327690400 GET /favicon.ico
1676327692322 GET /api/books/63eab8c2acbc046605cb8dce
1676327726421 GET /api/books/63eab8c2acbc046605cb8dce
1676327756778 GET /api/books/63eab8c2acbc046605cb8dce
1676327980023 GET /api/books/63eab8c2acbc046605cb8dce
1676327980692 GET /api/books/public/img/
1676327980984 GET /favicon.ico
1676327983169 GET /api/books
1676327983446 GET /favicon.ico
1676327984885 GET /api/books/63eab8c2acbc046605cb8dce
1676327985083 GET /api/books/public/img/
1676327985205 GET /favicon.ico
1676327986330 GET /api/books/63eab8c2acbc046605cb8dce
1676327986656 GET /api/books/public/img/
1676327986755 GET /favicon.ico
1676327987335 GET /api/books/63eab8c2acbc046605cb8dce
1676327987753 GET /api/books/public/img/
1676327987844 GET /favicon.ico
1676327990316 GET /api/books/63eab8c2acbc046605cb8dce
1676327990504 GET /api/books/public/img/
1676327990643 GET /favicon.ico
1676327991565 GET /
1676327991748 GET /favicon.ico
1676327992254 GET /
1676327992384 GET /favicon.ico
1676327992976 GET /api/books
1676327993262 GET /favicon.ico
1676327995572 GET /api/books/63eab8c2acbc046605cb8dce
1676327995762 GET /api/books/public/img/
1676327995864 GET /favicon.ico
1676327997851 GET /api/books/update/
1676327998006 GET /favicon.ico
1676328000204 GET /favicon.ico
1676328001584 GET /api/books/update/
1676328001753 GET /favicon.ico
1676328002825 GET /favicon.ico
1676328005331 GET /api/books
1676328005661 GET /favicon.ico
1676328007222 POST /api/books/delete/63eab8c2acbc046605cb8dce
1676328007572 GET /favicon.ico
1676328008648 GET /api/books
1676328008881 GET /favicon.ico
1676328009850 GET /api/book/create
1676328010106 GET /favicon.ico
1676328013800 POST /api/book/create
1676328013943 GET /api/books
1676328014160 GET /favicon.ico
1676328015395 GET /api/books/63eabc4d63ee0ccb7d90b8d7
1676328015737 GET /api/books/public/img/
1676328015873 GET /favicon.ico
1676328066335 GET /api/books/63eabc4d63ee0ccb7d90b8d7
1676328066750 GET /api/books/public/img/
1676328067054 GET /favicon.ico
1676328078553 GET /
1676328078878 GET /favicon.ico
1676328079408 GET /api/books
1676328079639 GET /favicon.ico
1676328080758 GET /api/books/63eabc4d63ee0ccb7d90b8d7
1676328080978 GET /api/books/public/img/
1676328081173 GET /favicon.ico
1676328160995 GET /api/books/63eabc4d63ee0ccb7d90b8d7
1676328161364 GET /api/books/public/img/
1676328161542 GET /favicon.ico
1676328393408 GET /api/books/63eabc4d63ee0ccb7d90b8d7
1676328394204 GET /api/books/public/img/
1676328395983 GET /
1676328396318 GET /favicon.ico
1676328519300 GET /api/books
1676328519656 GET /favicon.ico
1676328520571 GET /api/books/63eabc4d63ee0ccb7d90b8d7
1676328520787 GET /api/books/public/img/
1676328520951 GET /favicon.ico
1676328522888 GET /api/books
1676328523192 GET /favicon.ico
1676328524142 GET /api/book/create
1676328524351 GET /favicon.ico
1676328528446 POST /api/book/create
1676328528697 GET /api/books
1676328528947 GET /favicon.ico
1676328531074 GET /api/books/63eabe509770bc2523846e5e
1676328531383 GET /api/books/public/img/
1676328531576 GET /favicon.ico
1676328533025 GET /api/books
1676328533280 GET /favicon.ico
1676328534113 GET /api/books/63eabe509770bc2523846e5e
1676328534329 GET /api/books/public/img/
1676328534467 GET /favicon.ico
1676328535396 GET /api/books
1676328535669 GET /favicon.ico
1676328600289 GET /api/books
1676328600709 GET /favicon.ico
1676328601939 GET /api/books/63eabe509770bc2523846e5e
1676328602293 GET /api/books/public/img/
1676328602465 GET /favicon.ico
1676328609767 GET /api/books
1676328610127 GET /favicon.ico
1676328611252 GET /api/book/create
1676328611460 GET /favicon.ico
1676328615731 POST /api/book/create
1676328615992 GET /api/books
1676328616238 GET /favicon.ico
1676328617564 GET /api/books/63eabea7397048f565c1a5bc
1676328617842 GET /api/books/public/img/
1676328618048 GET /favicon.ico
1676328641892 GET /api/books/63eabea7397048f565c1a5bc
1676328642110 GET /api/books/public/img/
1676328642351 GET /favicon.ico
1676328713998 GET /api/books
1676328714483 GET /favicon.ico
1676328716080 GET /api/books/63eabea7397048f565c1a5bc
1676328716343 GET /api/books/public/img/
1676328716485 GET /favicon.ico
1676328722822 GET /api/books/63eabea7397048f565c1a5bc/incr
1676328723056 GET /favicon.ico
1676328734941 GET /api/counter/63eabea7397048f565c1a5bc/incr
1676328735247 GET /favicon.ico
1676328739163 GET /api/counter/63eabea7397048f565c1a5bc/incrhttp://localhost:3000/api/counter/63eabea7397048f565c1a5bc/incr
1676328739353 GET /favicon.ico
1676328740756 GET /api/counter/63eabea7397048f565c1a5bc/incr
1676328740929 GET /favicon.ico
1676328742898 GET /api/counter/63eabea7397048f565c1a5bc/incr
1676328743037 GET /favicon.ico
1676328743086 GET /api/counter/63eabea7397048f565c1a5bc/incr
1676328743226 GET /favicon.ico
1676328743245 GET /api/counter/63eabea7397048f565c1a5bc/incr
1676328743388 GET /favicon.ico
1676328743439 GET /api/counter/63eabea7397048f565c1a5bc/incr
1676328743575 GET /favicon.ico
1676328744097 GET /api/counter/63eabea7397048f565c1a5bc/incr
1676328744220 GET /favicon.ico
1676328744545 GET /api/counter/63eabea7397048f565c1a5bc/incr
1676328744715 GET /favicon.ico
1676328745073 GET /api/counter/63eabea7397048f565c1a5bc/incr
1676328745207 GET /favicon.ico
1676328745629 GET /api/counter/63eabea7397048f565c1a5bc/incr
1676328745742 GET /favicon.ico
1676328757538 GET /api/counter/63eabea7397048f565c1a5bc
1676328757778 GET /favicon.ico
1676329005376 GET /api/counter/63eabea7397048f565c1a5bc
1676329005710 GET /favicon.ico
1676329010815 GET /api/counter/63eabea7397048f565c1a5bc/incr
1676329011077 GET /favicon.ico
1676329012436 GET /api/counter/63eabea7397048f565c1a5bc/incr
1676329012633 GET /favicon.ico
1676329013209 GET /api/counter/63eabea7397048f565c1a5bc/incr
1676329013357 GET /favicon.ico
1676329013667 GET /api/counter/63eabea7397048f565c1a5bc/incr
1676329013816 GET /favicon.ico
1676329013895 GET /api/counter/63eabea7397048f565c1a5bc/incr
1676329014080 GET /favicon.ico
1676329014103 GET /api/counter/63eabea7397048f565c1a5bc/incr
1676329014223 GET /favicon.ico
1676329014253 GET /api/counter/63eabea7397048f565c1a5bc/incr
1676329014386 GET /favicon.ico
1676329017412 GET /api/counter/63eabea7397048f565c1a5bc
1676329017703 GET /favicon.ico
1676329039602 GET /api/counter/63eabea7397048f565c1a5bc/incr
1676329039817 GET /favicon.ico
1676329051170 GET /api/counter/63eabea7397048f565c1a5bc/incr
1676329051375 GET /favicon.ico
1676329110261 POST /api/counter/63eabea7397048f565c1a5bc/incr
1676329111992 POST /api/counter/63eabea7397048f565c1a5bc/incr
1676329113459 POST /api/counter/63eabea7397048f565c1a5bc/incr
1676329115928 POST /api/counter/63eabea7397048f565c1a5bc/incr
1676329125105 GET /api/counter/63eabea7397048f565c1a5bc
1676329125690 GET /favicon.ico
1676329130881 POST /api/counter/63eabea7397048f565c1a5bc/incr
1676329131918 POST /api/counter/63eabea7397048f565c1a5bc/incr
1676329132827 POST /api/counter/63eabea7397048f565c1a5bc/incr
1676329136132 GET /api/counter/63eabea7397048f565c1a5bc
1676329136453 GET /favicon.ico
1677518296923 GET /
1677518298243 GET /favicon.ico
1677518299001 GET /api/books
1677518299935 GET /favicon.ico
1677518300798 GET /api/books/63eabc4d63ee0ccb7d90b8d7
1677518301330 GET /api/books/public/img/
1677518301703 GET /favicon.ico
1677518303512 GET /api/books/63eabc4d63ee0ccb7d90b8d7
1677518303764 GET /api/books/public/img/
1677518303990 GET /favicon.ico
1677518304406 GET /api/books/63eabc4d63ee0ccb7d90b8d7
1677518304852 GET /api/books/public/img/
1677518305360 GET /favicon.ico
1677518305560 GET /api/books
1677518306722 GET /favicon.ico
1677518307032 GET /api/book/create
1677518307758 GET /favicon.ico
1677518309712 POST /api/book/create
1677518310464 GET /api/books
1677518311093 GET /favicon.ico
1677519203902 GET /
1677519207622 GET /favicon.ico
1677519208161 GET /api/books
1677519209127 GET /favicon.ico
1677519212015 GET /api/user
1677519212434 GET /favicon.ico
1677519223366 GET /api/user/login
1677519302202 GET /api/user/login
1677519304111 GET /api/user/login
1677519393884 GET /api/user/login
1677519394751 GET /favicon.ico
1677520129083 GET /api/user/login
1677520129679 GET /favicon.ico
1677520191572 GET /api/user/profile
1677520192053 GET /favicon.ico
1677520195685 GET /api/books
1677520196148 GET /favicon.ico
1677520196648 GET /
1677520197140 GET /favicon.ico
1677520197963 GET /api/books
1677520199821 GET /favicon.ico
1677520200408 GET /favicon.ico
1677520200904 GET /favicon.ico
1677523599252 GET /api/books
1677523600000 GET /favicon.ico
1677523604127 GET /api/user/login
1677523604405 GET /favicon.ico
1677523605989 POST /login
1677523606078 GET /login
1677523606317 GET /favicon.ico
1677523607989 GET /favicon.ico
1677523683839 GET /api/user/login
1677523684320 GET /favicon.ico
1677523687965 GET /
1677523688245 GET /favicon.ico
1677523688367 GET /
1677523688808 GET /favicon.ico
1677523689290 GET /api/books
1677523689718 GET /favicon.ico
1677523689870 GET /
1677523690323 GET /favicon.ico
1677523697226 GET /api/user/profile
1677523697633 GET /favicon.ico
1677523725527 GET /api/user/profile
1677523725552 GET /login
1677523726084 GET /favicon.ico
1677523727480 GET /login
1677523727681 GET /favicon.ico
1677523732244 GET /api/user/login
1677523732489 GET /favicon.ico
1677523734913 GET /api/user/login
1677523735121 GET /favicon.ico
1677523871449 GET /api/user/login
1677523871858 GET /favicon.ico
1677523874854 POST /login
1677523875137 GET /favicon.ico
1677523876779 GET /favicon.ico
1677523882869 POST /login
1677523883114 GET /favicon.ico
1677523883748 GET /favicon.ico
1677523890514 GET /api/user/profile
1677523890530 GET /login
1677523890741 GET /favicon.ico
1677523892182 GET /favicon.ico
1677523897425 GET /favicon.ico
1677523897948 GET /favicon.ico
1677523907416 POST /login
1677523907744 GET /favicon.ico
1677523910884 GET /favicon.ico
1677523918639 POST /login
1677523918886 GET /favicon.ico
1677523921333 GET /favicon.ico
1677523925272 GET /api/user/profile
1677523925284 GET /login
1677523925989 GET /favicon.ico
1677523927005 GET /favicon.ico
1677524073608 GET /api/user/login
1677524074134 GET /favicon.ico
1677524083925 POST /api/user/login
1677524084003 GET /
1677524084273 GET /favicon.ico
1677524089305 GET /api/user/profile
1677524090721 GET /api/user/profile
1677524149009 GET /api/user/profile
1677524149048 GET /login
1677524149761 GET /favicon.ico
1677524155653 GET /api/user/profile
1677524155661 GET /login
1677524155909 GET /favicon.ico
1677524161017 GET /api/user/login
1677524161262 GET /favicon.ico
1677524165818 POST /api/user/login
1677524165884 GET /login
1677524166130 GET /favicon.ico
1677524168310 GET /api/user/login
1677524168508 GET /favicon.ico
1677524171496 POST /api/user/login
1677524171521 GET /
1677524171810 GET /favicon.ico
1677524175266 GET /api/user/profile
1677524175639 GET /favicon.ico
1677524206323 GET /logout
1677524206725 GET /favicon.ico
1677524207768 GET /favicon.ico
1677524209565 GET /
1677524209856 GET /favicon.ico
1677524210712 GET /api/books
1677524211123 GET /favicon.ico
1677524211392 GET /
1677524211612 GET /favicon.ico
1677524495698 GET /
1677524496201 GET /favicon.ico
1677524499381 GET /
1677524499691 GET /favicon.ico
1677524702134 GET /
1677524702534 GET /favicon.ico
1677524739165 GET /api/books
1677524745351 GET /favicon.ico
1677524778740 GET /
1677524779175 GET /favicon.ico
1677524820192 GET /
1677524822083 GET /favicon.ico
1677524823595 GET /api/books
1677524825615 GET /favicon.ico
1677524898827 GET /
1677524899340 GET /favicon.ico
1677524901280 GET /
1677524901857 GET /favicon.ico
1677524902336 GET /api/books
1677524905071 GET /favicon.ico
1677524905716 GET /
1677524905988 GET /favicon.ico
1677524909335 GET /
1677524909576 GET /favicon.ico
1677525026733 GET /api/books
1677525028541 GET /favicon.ico
1677525029116 GET /
1677525029350 GET /favicon.ico
1677525030560 GET /
1677525030836 GET /favicon.ico
1677525097784 GET /
1677525098272 GET /favicon.ico
1677528894247 GET /
1677528896009 GET /favicon.ico
1677528906277 GET /api/books
1677530204222 GET /
1677530205272 GET /favicon.ico
1677530206407 GET /api/books
1677530209529 GET /favicon.ico
1677530226194 GET /api/books
1677530230210 GET /favicon.ico
1677530295664 GET /
1677530296288 GET /favicon.ico
1677530296524 GET /
1677530296793 GET /favicon.ico
1677530297724 GET /
1677530297960 GET /favicon.ico
1677530299410 GET /api/books
1677530301108 GET /favicon.ico
1677530302241 GET /api/books
1677530340811 GET /favicon.ico
1677530342264 GET /
1677530342457 GET /favicon.ico
1677530343217 GET /
1677530343421 GET /favicon.ico
1677530344014 GET /
1677530344474 GET /favicon.ico
1677530383040 GET /favicon.ico
1677530439235 GET /favicon.ico
1677531363940 GET /favicon.ico
1677955502835 GET /
1677955504021 GET /favicon.ico
1677955523522 GET /api/books
1677955525953 GET /favicon.ico
1677955550020 GET /api/user/profile
1677955550036 GET /login
1677955551015 GET /favicon.ico
1677955554355 GET /api/user/profile
1677955554423 GET /login
1677955556380 GET /api/login
1677955556615 GET /favicon.ico
1677955560571 GET /api/user/login
1677955561186 GET /favicon.ico
1677955667647 POST /api/user/login
1677955668012 GET /
1677955777383 GET /api/user/login
1677955777801 GET /favicon.ico
1677955783337 POST /api/user/login
1677955783442 GET /login
1677955783752 GET /favicon.ico
1677955785359 GET /api/user/login
1677955785831 GET /favicon.ico
1677955788131 POST /api/user/login
1677955788142 GET /login
1677955788402 GET /favicon.ico
1677955870894 GET /login
1677955871332 GET /favicon.ico
1677955875941 GET /api/login
1677955876200 GET /favicon.ico
1677955881170 GET /api/user/login
1677955881728 GET /favicon.ico
1677955886021 POST /api/user/login
1677955886111 GET /
1677955962521 GET /favicon.ico
1677955963761 POST /api/user/login
1677955963873 GET /api/user/lib/index
1677955964192 GET /favicon.ico
1677955997954 GET /favicon.ico
1677955999123 POST /api/user/login
1677955999219 GET /
1677956071691 GET /
1677956072647 GET /favicon.ico
1677956073642 POST /api/user/login
1677956074028 GET /favicon.ico
1677956081345 GET /logout
1677956081623 GET /favicon.ico
1677956089361 GET /api/user/profile
1677956090459 GET /favicon.ico
1677956099571 GET /api/user/profile
1677956099774 GET /favicon.ico
1677956100448 GET /api/user/profile
1677956100849 GET /favicon.ico
1677956151910 GET /logout
1677956152198 GET /favicon.ico
1677956175058 GET /favicon.ico
1677956175882 GET /favicon.ico
1677956176492 GET /favicon.ico
1677956176858 GET /api/user/login
1677956177091 GET /favicon.ico
1677956177733 GET /favicon.ico
1677956178323 GET /favicon.ico
1677956180979 POST /api/user/login
1677956181327 GET /favicon.ico
1677956183873 GET /api/user/logout
1677956184942 GET /favicon.ico
1677956186257 GET /api/user/login
1677956186462 GET /favicon.ico
1677956186896 GET /favicon.ico
1677956192888 GET /api/user/profile
1677956194011 GET /favicon.ico
1677956195275 GET /api/user/logout
1677956196909 GET /api/user/profile
1677956198009 GET /favicon.ico
1677956263156 GET /api/user/logout
1677956263476 GET /favicon.ico
1677956266035 GET /favicon.ico
1677956268287 GET /favicon.ico
1677956268879 GET /favicon.ico
1677956269828 GET /favicon.ico
1677956273431 GET /favicon.ico
1677956274263 GET /favicon.ico
1677956275330 GET /api/user/login
1677956275642 GET /favicon.ico
1677956281253 POST /api/user/login
1677956281511 GET /favicon.ico
1677956283183 GET /api/books
1677956284103 GET /favicon.ico
1677956285926 GET /api/user/profile
1677956286935 GET /favicon.ico
1677956290991 GET /api/user/login
1677956291697 GET /favicon.ico
1677956293384 GET /api/user/logout
1677956299833 GET /api/user/profile
1677956300793 GET /favicon.ico
1677956474345 GET /
1677956574093 GET /favicon.ico
1677956575458 GET /login
1677956575446 GET /api/user/profile
1677956575722 GET /favicon.ico
1677956578444 GET /favicon.ico
1677956579654 GET /
1677956592792 GET /
1677956593577 GET /
1677956593903 GET /
1677956594588 GET /favicon.ico
1677956595637 GET /favicon.ico
1677956596006 GET /
1677956742906 GET /favicon.ico
1677956744714 GET /
1677956745076 GET /favicon.ico
1677956746276 GET /
1677956746693 GET /favicon.ico
1677956747791 GET /
1677956748062 GET /favicon.ico
1677956749245 GET /
1677956749601 GET /favicon.ico
1677956750022 GET /
1677956750292 GET /favicon.ico
1677956777897 GET /api/user/profile
1677956777910 GET /login
1677956780006 GET /favicon.ico
1677956824707 GET /
1677956825665 GET /favicon.ico
1677956834368 GET /api/user/profile
1677956834381 GET /api/user/login
1677956836092 GET /favicon.ico
1677956842296 POST /api/user/login
1677956842367 GET /api/user/login
1677956842585 GET /favicon.ico
1677956857447 POST /api/user/login
1677956857667 GET /favicon.ico
1677956859585 GET /
1677956859871 GET /favicon.ico
1677956863880 GET /api/user/profile
1677956864598 GET /favicon.ico
1677956866068 GET /api/user/logout
1677957041080 GET /api/user/logout
1677957042495 GET /favicon.ico
1677957044337 GET /api/user/profile
1677957044353 GET /api/user/login
1677957044604 GET /favicon.ico
1677957049110 POST /api/user/login
1677957049515 GET /favicon.ico
1677957050974 GET /api/user/login
1677957051188 GET /favicon.ico
1677957051991 GET /favicon.ico
1677957052704 GET /favicon.ico
1677957053375 GET /favicon.ico
1677957054512 GET /favicon.ico
1677957055999 GET /api/user/profile
1677957057187 GET /favicon.ico
1677957058985 GET /
1677957059357 GET /favicon.ico
1677957059853 GET /
1677957060229 GET /favicon.ico
1677957060583 GET /
1677957060974 GET /favicon.ico
1677957061291 GET /favicon.ico
1677957062554 GET /api/user/logout
1677957063512 GET /favicon.ico
1677957064474 GET /favicon.ico
1677957065709 GET /api/user/profile
1677957065910 GET /favicon.ico
1677957066489 GET /api/user/profile
1677957066679 GET /favicon.ico
1677957067040 GET /api/user/profile
1677957067463 GET /favicon.ico
1677957068011 GET /api/user/logout
1677957128462 GET /api/user/profile
1677957128514 GET /api/user/login
1677957129243 GET /favicon.ico
1677957133081 POST /api/user/login
1677957133477 GET /favicon.ico
1677957134365 GET /api/user/logout
1677957134605 GET /favicon.ico
1677957136789 GET /favicon.ico
1677957140112 POST /api/user/login
1677957140626 GET /favicon.ico
1677957142828 GET /api/user/profile
1677957143963 GET /favicon.ico
1677957165401 GET /
1677957166143 GET /favicon.ico
1677957169689 GET /api/user/login
1677957170027 GET /favicon.ico
1677957174004 POST /api/user/login
1677957174276 GET /favicon.ico
1677957252772 POST /api/user/login
1677957252876 GET /api/user/profile
1677957253317 GET /favicon.ico
1677957254750 GET /api/user/logout
1677957254998 GET /favicon.ico
1677957264153 GET /api/user/profile
1677957265227 GET /favicon.ico
1677957314363 GET /api/user/profile
1677957314392 GET /api/user/login
1677957314777 GET /favicon.ico
1677957320469 POST /api/user/login
1677957320552 GET /api/user/profile
1677957320791 GET /favicon.ico
1677957322208 POST /api/user/logout
1677957322226 GET /login
1677957322578 GET /favicon.ico
1677957324346 GET /favicon.ico
1677957325607 GET /api/user/profile
1677957325616 GET /api/user/login
1677957325829 GET /favicon.ico
1677957330674 POST /api/user/login
1677957330687 GET /api/user/profile
1677957330951 GET /favicon.ico
1677957331723 GET /
1677957332083 GET /favicon.ico
1677957439783 GET /
1677957440194 GET /favicon.ico
1677957441396 GET /login
1677957441779 GET /favicon.ico
1677957443404 GET /favicon.ico
1677957481224 GET /
1677957481969 GET /favicon.ico
1677957483615 GET /api/user/login
1677957483864 GET /favicon.ico
1677957487801 POST /api/user/login
1677957487898 GET /api/user/profile
1677957488173 GET /favicon.ico
1677957489392 GET /
1677957489631 GET /favicon.ico
1677957491771 GET /api/user/profile
1677957492004 GET /favicon.ico
1677957493290 POST /api/user/logout
1677957493304 GET /login
1677957493696 GET /favicon.ico
1677957518571 GET /login
1677957519170 GET /favicon.ico
1677957521135 GET /
1677957521463 GET /favicon.ico
1677957522185 GET /api/user/login
1677957522436 GET /favicon.ico
1677957529466 POST /api/user/login
1677957529546 GET /api/user/profile
1677957529804 GET /favicon.ico
1677957531053 GET /
1677957531303 GET /favicon.ico
1677957532484 GET /api/book/create
1677957532830 GET /favicon.ico
1677957535151 POST /api/book/create
1677957535223 GET /api/books
1677957648279 GET /api/books
1677957648754 GET /favicon.ico
1677957649666 GET /api/user/login
1677957649960 GET /favicon.ico
1677957653660 POST /api/user/login
1677957653745 GET /api/user/profile
1677957654041 GET /favicon.ico
1677957655278 GET /
1677957655620 GET /favicon.ico
1677957656503 GET /api/user/profile
1677957656773 GET /favicon.ico
1677957657247 GET /
1677957657534 GET /favicon.ico
1677957658008 GET /api/book/create
1677957658388 GET /favicon.ico
1677957660603 POST /api/book/create
1677957660705 GET /api/books
1677957661143 GET /favicon.ico
1677957662357 GET /api/books/63eabc4d63ee0ccb7d90b8d7
1677957662536 GET /api/books/public/img/
1677957662808 GET /favicon.ico
1677957663759 GET /api/books/update/63eabc4d63ee0ccb7d90b8d7
1677957664111 GET /favicon.ico
1677957664834 GET /favicon.ico
1677957665400 GET /favicon.ico
1677957668080 GET /api/api/user/profile
1677957668305 GET /favicon.ico
1677957670412 GET /favicon.ico
1677957681354 GET /api/api/user/profile
1677957681575 GET /favicon.ico
1677957682801 GET /api/user/profile
1677957683542 GET /favicon.ico
1677957684025 POST /api/user/logout
1677957684036 GET /
1677957684463 GET /favicon.ico
1677957685034 GET /
1677957685306 GET /favicon.ico
1677957685962 GET /api/user/login
1677957686235 GET /favicon.ico
1677957688272 GET /
1677957688579 GET /favicon.ico
1677957690156 GET /api/books/63eabc4d63ee0ccb7d90b8d7
1677957690372 GET /api/books/public/img/
1677957690541 GET /favicon.ico
1677957691934 GET /
1677957692215 GET /favicon.ico
1677957692989 GET /
1677957693423 GET /favicon.ico
1677957693843 GET /
1677957694109 GET /favicon.ico
1677957776758 GET /
1677957777645 GET /favicon.ico
1677957778478 GET /api/user/profile
1677957778495 GET /api/user/login
1677957779728 GET /favicon.ico
1677957796585 GET /
1677957796975 GET /favicon.ico
1677957798515 GET /api/user/login
1677957838771 GET /favicon.ico
1677957839770 GET /api/user/login
1677957923252 GET /api/user/login
1677958031939 GET /api/user/login
1677958032540 GET /favicon.ico
1677958050232 POST /api/user/login
1677958050405 GET /api/user/profile
1677958050740 GET /favicon.ico
1677958052383 GET /
1677958052738 GET /favicon.ico
1677958054208 GET /api/books/63eabc4d63ee0ccb7d90b8d7
1677958054380 GET /api/books/public/img/
1677958054689 GET /favicon.ico
1677958055574 GET /
1677958055955 GET /favicon.ico
1677958056575 GET /api/book/create
1677958116846 GET /api/book/create
1677958117260 GET /favicon.ico
1677958119489 GET /
1677958119995 GET /favicon.ico
1677958120758 GET /api/user/login
1677958121037 GET /favicon.ico
1677958126920 POST /api/user/login
1677958127034 GET /api/user/profile
1677958127421 GET /favicon.ico
1677958128915 GET /
1677958129157 GET /favicon.ico
1677958130453 GET /api/book/create
1677958130732 GET /favicon.ico
1677958131311 GET /
1677958131784 GET /favicon.ico
1677958132352 GET /api/books/63eabc4d63ee0ccb7d90b8d7
1677958132655 GET /api/books/public/img/
1677958132887 GET /favicon.ico
1677958133765 GET /
1677958134234 GET /favicon.ico
1677958134903 GET /api/books/update/63eabc4d63ee0ccb7d90b8d7
1677958135378 GET /favicon.ico
1677958136843 GET /api/user/profile
1677958137074 GET /favicon.ico
1677958138657 POST /api/user/logout
1677958138681 GET /
1677958139070 GET /favicon.ico
1677958140628 GET /api/books
1677958141053 GET /favicon.ico
1677958142699 GET /api/books
1677958143143 GET /favicon.ico
1677958143533 GET /
1677958143855 GET /favicon.ico
1677958143988 GET /api/books
1677958144368 GET /favicon.ico
1677958144655 GET /
1677958144934 GET /favicon.ico
1677958145252 GET /api/books
1677958145533 GET /favicon.ico
1677958146417 GET /
1677958146872 GET /favicon.ico
1677958147214 GET /
1677958147478 GET /favicon.ico
1677958152720 GET /
1677958153083 GET /favicon.ico
1677958156251 GET /api/user/login
1677958156509 GET /favicon.ico
1677958159835 POST /api/user/login
1677958159850 GET /api/user/login
1677958160182 GET /favicon.ico
1677958207264 GET /api/user/login
1677958207977 GET /favicon.ico
1677958211707 POST /api/user/login
1677958211775 GET /api/user/login
1677958212007 GET /favicon.ico
1677958219929 POST /api/user/login
1677958219959 GET /api/user/profile
1677958220292 GET /favicon.ico
1677958240408 GET /api/user/profile
1677958240430 GET /api/user/login
1677958241005 GET /favicon.ico
1677958250966 GET /api/user/login
1677958251197 GET /favicon.ico
1677958255652 POST /api/user/login
1677958255761 GET /api/user/profile
1677958256118 GET /favicon.ico
1677958260143 GET /api/books
1677958260560 GET /favicon.ico
1677958260963 GET /
1677958261300 GET /favicon.ico
1677958261746 GET /api/books
1677958262053 GET /favicon.ico
1677958262417 GET /
1677958262819 GET /favicon.ico
1677958262994 GET /api/books
1677958263408 GET /favicon.ico
1677958263785 GET /
1677958264034 GET /favicon.ico
